Using pre-set license
Built from '2020.3/staging' branch; Version is '2020.3.24f1 (79c78de19888) revision 7980941'; Using compiler version '192528614'; Build Type 'Release'
OS: 'Windows 10  (10.0.19044) 64bit Core' Language: 'fr' Physical Memory: 16198 MB
BatchMode: 1, IsHumanControllingUs: 0, StartBugReporterOnCrash: 0, Is64bit: 1, IsPro: 0

COMMAND LINE ARGUMENTS:
C:\Program Files\Unity\Hub\Editor\2020.3.24f1\Editor\Unity.exe
-adb2
-batchMode
-noUpm
-name
AssetImportWorker0
-projectPath
C:/Users/soutl/OneDrive/Documents/Unity Projects/Block Breaker
-logFile
Logs/AssetImportWorker0.log
-srvPort
59540
Successfully changed project path to: C:/Users/soutl/OneDrive/Documents/Unity Projects/Block Breaker
C:/Users/soutl/OneDrive/Documents/Unity Projects/Block Breaker
Using Asset Import Pipeline V2.
Refreshing native plugins compatible for Editor in 40.01 ms, found 3 plugins.
Preloading 0 native plugins for Editor in 0.00 ms.
Initialize engine version: 2020.3.24f1 (79c78de19888)
[Subsystems] Discovering subsystems at path C:/Program Files/Unity/Hub/Editor/2020.3.24f1/Editor/Data/Resources/UnitySubsystems
[Subsystems] Discovering subsystems at path C:/Users/soutl/OneDrive/Documents/Unity Projects/Block Breaker/Assets
GfxDevice: creating device client; threaded=0
Direct3D:
    Version:  Direct3D 11.0 [level 11.1]
    Renderer: NVIDIA GeForce RTX 2070 (ID=0x1f14)
    Vendor:   
    VRAM:     8031 MB
    Driver:   30.0.14.9676
Initialize mono
Mono path[0] = 'C:/Program Files/Unity/Hub/Editor/2020.3.24f1/Editor/Data/Managed'
Mono path[1] = 'C:/Program Files/Unity/Hub/Editor/2020.3.24f1/Editor/Data/MonoBleedingEdge/lib/mono/unityjit'
Mono config path = 'C:/Program Files/Unity/Hub/Editor/2020.3.24f1/Editor/Data/MonoBleedingEdge/etc'
Using monoOptions --debugger-agent=transport=dt_socket,embedding=1,server=y,suspend=n,address=127.0.0.1:56204
Begin MonoManager ReloadAssembly
Registering precompiled unity dll's ...
Register platform support module: C:/Program Files/Unity/Hub/Editor/2020.3.24f1/Editor/Data/PlaybackEngines/WebGLSupport/UnityEditor.WebGL.Extensions.dll
Register platform support module: C:/Program Files/Unity/Hub/Editor/2020.3.24f1/Editor/Data/PlaybackEngines/WindowsStandaloneSupport/UnityEditor.WindowsStandalone.Extensions.dll
Registered in 0.002290 seconds.
Native extension for WindowsStandalone target not found
Native extension for WebGL target not found
Refreshing native plugins compatible for Editor in 40.68 ms, found 3 plugins.
Preloading 0 native plugins for Editor in 0.00 ms.
Mono: successfully reloaded assembly
- Completed reload, in  0.491 seconds
Domain Reload Profiling:
	ReloadAssembly (491ms)
		BeginReloadAssembly (46ms)
			ExecutionOrderSort (0ms)
			DisableScriptedObjects (0ms)
			BackupInstance (0ms)
			ReleaseScriptingObjects (0ms)
			CreateAndSetChildDomain (1ms)
		EndReloadAssembly (381ms)
			LoadAssemblies (44ms)
			RebuildTransferFunctionScriptingTraits (0ms)
			SetupTypeCache (124ms)
			ReleaseScriptCaches (0ms)
			RebuildScriptCaches (24ms)
			SetupLoadedEditorAssemblies (150ms)
				LogAssemblyErrors (0ms)
				InitializePlatformSupportModulesInManaged (4ms)
				SetLoadedEditorAssemblies (0ms)
				RefreshPlugins (41ms)
				BeforeProcessingInitializeOnLoad (14ms)
				ProcessInitializeOnLoadAttributes (66ms)
				ProcessInitializeOnLoadMethodAttributes (24ms)
				AfterProcessingInitializeOnLoad (0ms)
				EditorAssembliesLoaded (0ms)
			ExecutionOrderSort2 (0ms)
			AwakeInstancesAfterBackupRestoration (0ms)
Platform modules already initialized, skipping
Registering precompiled user dll's ...
Registered in 0.005056 seconds.
Begin MonoManager ReloadAssembly
Native extension for WindowsStandalone target not found
Native extension for WebGL target not found
Refreshing native plugins compatible for Editor in 39.09 ms, found 3 plugins.
Preloading 0 native plugins for Editor in 0.00 ms.
Mono: successfully reloaded assembly
- Completed reload, in  0.934 seconds
Domain Reload Profiling:
	ReloadAssembly (934ms)
		BeginReloadAssembly (117ms)
			ExecutionOrderSort (0ms)
			DisableScriptedObjects (4ms)
			BackupInstance (0ms)
			ReleaseScriptingObjects (0ms)
			CreateAndSetChildDomain (14ms)
		EndReloadAssembly (765ms)
			LoadAssemblies (77ms)
			RebuildTransferFunctionScriptingTraits (0ms)
			SetupTypeCache (249ms)
			ReleaseScriptCaches (0ms)
			RebuildScriptCaches (39ms)
			SetupLoadedEditorAssemblies (295ms)
				LogAssemblyErrors (0ms)
				InitializePlatformSupportModulesInManaged (4ms)
				SetLoadedEditorAssemblies (0ms)
				RefreshPlugins (39ms)
				BeforeProcessingInitializeOnLoad (73ms)
				ProcessInitializeOnLoadAttributes (159ms)
				ProcessInitializeOnLoadMethodAttributes (13ms)
				AfterProcessingInitializeOnLoad (7ms)
				EditorAssembliesLoaded (0ms)
			ExecutionOrderSort2 (0ms)
			AwakeInstancesAfterBackupRestoration (5ms)
Platform modules already initialized, skipping
========================================================================
Worker process is ready to serve import requests
Launched and connected shader compiler UnityShaderCompiler.exe after 0.06 seconds
Refreshing native plugins compatible for Editor in 0.43 ms, found 3 plugins.
Preloading 0 native plugins for Editor in 0.00 ms.
Unloading 2216 Unused Serialized files (Serialized files now loaded: 0)
System memory in use before: 98.3 MB.
System memory in use after: 98.4 MB.

Unloading 28 unused Assets to reduce memory usage. Loaded Objects now: 2652.
Total: 3.155000 ms (FindLiveObjects: 0.229900 ms CreateObjectMapping: 0.105900 ms MarkObjects: 2.730000 ms  DeleteObjects: 0.087000 ms)

AssetImportParameters requested are different than current active one (requested -> active):
  custom:framework-win-MediaFoundation: 216162199b28c13a410421893ffa2e32 -> 
  custom:video-decoder-ogg-theora: a1e56fd34408186e4bbccfd4996cb3dc -> 
  custom:container-muxer-webm: aa71ff27fc2769a1b78a27578f13a17b -> 
  custom:container-demuxer-webm: 4f35f7cbe854078d1ac9338744f61a02 -> 
  custom:container-demuxer-ogg: 62fdf1f143b41e24485cea50d1cbac27 -> 
  custom:video-encoder-webm-vp8: eb34c28f22e8b96e1ab97ce403110664 -> 
  custom:video-decoder-webm-vp8: 9c59270c3fd7afecdb556c50c9e8de78 -> 
  custom:audio-decoder-ogg-vorbis: bf7c407c2cedff20999df2af8eb42d56 -> 
  custom:audio-encoder-webm-vorbis: bf7c407c2cedff20999df2af8eb42d56 -> 
========================================================================
Received Import Request.
  path: Assets/TextMesh Pro/Resources/Fonts & Materials/LiberationSans SDF - Drop Shadow.mat
  artifactKey: Guid(e73a58f6e2794ae7b1b7e50b7fb811b0) Importer(815301076,1909f56bfc062723c751e8b465ee728b)
Start importing Assets/TextMesh Pro/Resources/Fonts & Materials/LiberationSans SDF - Drop Shadow.mat using Guid(e73a58f6e2794ae7b1b7e50b7fb811b0) Importer(815301076,1909f56bfc062723c751e8b465ee728b)  -> (artifact id: 'ca0d2861f60500f05bd29199894f7bb5') in 0.121179 seconds 
  Import took 0.125622 seconds .

========================================================================
Received Import Request.
  Time since last request: 0.008934 seconds.
  path: Assets/TextMesh Pro/Shaders/TMPro_Surface.cginc
  artifactKey: Guid(d930090c0cd643c7b55f19a38538c162) Importer(815301076,1909f56bfc062723c751e8b465ee728b)
Start importing Assets/TextMesh Pro/Shaders/TMPro_Surface.cginc using Guid(d930090c0cd643c7b55f19a38538c162) Importer(815301076,1909f56bfc062723c751e8b465ee728b)  -> (artifact id: '7a635ec737c90890fe650212c09c6b5b') in 0.011435 seconds 
  Import took 0.016191 seconds .

========================================================================
Received Import Request.
  Time since last request: 0.041172 seconds.
  path: Assets/TextMesh Pro/Shaders/TMP_SDF SSD.shader
  artifactKey: Guid(14eb328de4b8eb245bb7cea29e4ac00b) Importer(815301076,1909f56bfc062723c751e8b465ee728b)
Start importing Assets/TextMesh Pro/Shaders/TMP_SDF SSD.shader using Guid(14eb328de4b8eb245bb7cea29e4ac00b) Importer(815301076,1909f56bfc062723c751e8b465ee728b)  -> (artifact id: 'dda8a03c2a6802f7eb535a211d260372') in 0.007217 seconds 
  Import took 0.010399 seconds .

========================================================================
Received Import Request.
  Time since last request: 0.006993 seconds.
  path: Assets/TextMesh Pro/Shaders/TMP_SDF.shader
  artifactKey: Guid(68e6db2ebdc24f95958faec2be5558d6) Importer(815301076,1909f56bfc062723c751e8b465ee728b)
Start importing Assets/TextMesh Pro/Shaders/TMP_SDF.shader using Guid(68e6db2ebdc24f95958faec2be5558d6) Importer(815301076,1909f56bfc062723c751e8b465ee728b)  -> (artifact id: '3b6cc03341e753baf130bf6fdf6fb54e') in 0.006290 seconds 
  Import took 0.010195 seconds .

========================================================================
Received Import Request.
  Time since last request: 0.015074 seconds.
  path: Assets/Scripts/SceneLoader.cs
  artifactKey: Guid(5b27b1005bffb484e9e5644f8ee78758) Importer(815301076,1909f56bfc062723c751e8b465ee728b)
Start importing Assets/Scripts/SceneLoader.cs using Guid(5b27b1005bffb484e9e5644f8ee78758) Importer(815301076,1909f56bfc062723c751e8b465ee728b)  -> (artifact id: 'caafd833e2b1c1e70d0149eff4297803') in 0.010869 seconds 
  Import took 0.014770 seconds .

========================================================================
Received Import Request.
  Time since last request: 0.008738 seconds.
  path: Assets/TextMesh Pro/Fonts/Roboto-Light.ttf
  artifactKey: Guid(fec32619906eb3447aafecf68b8130e0) Importer(815301076,1909f56bfc062723c751e8b465ee728b)
Start importing Assets/TextMesh Pro/Fonts/Roboto-Light.ttf using Guid(fec32619906eb3447aafecf68b8130e0) Importer(815301076,1909f56bfc062723c751e8b465ee728b)  -> (artifact id: 'c29b215185226b087fe11b66712573c1') in 0.022201 seconds 
  Import took 0.025618 seconds .

========================================================================
Received Import Request.
  Time since last request: 0.009351 seconds.
  path: Assets/TextMesh Pro/Shaders
  artifactKey: Guid(e9f693669af91aa45ad615fc681ed29f) Importer(815301076,1909f56bfc062723c751e8b465ee728b)
Start importing Assets/TextMesh Pro/Shaders using Guid(e9f693669af91aa45ad615fc681ed29f) Importer(815301076,1909f56bfc062723c751e8b465ee728b)  -> (artifact id: '486066d15e4e2d1f404625b357b63227') in 0.004713 seconds 
  Import took 0.007855 seconds .

========================================================================
Received Import Request.
  Time since last request: 0.005692 seconds.
  path: Assets/TextMesh Pro/Shaders/TMP_SDF-Mobile.shader
  artifactKey: Guid(fe393ace9b354375a9cb14cdbbc28be4) Importer(815301076,1909f56bfc062723c751e8b465ee728b)
Start importing Assets/TextMesh Pro/Shaders/TMP_SDF-Mobile.shader using Guid(fe393ace9b354375a9cb14cdbbc28be4) Importer(815301076,1909f56bfc062723c751e8b465ee728b)  -> (artifact id: '59234c4373b2503eeecda25bd56faa11') in 0.005152 seconds 
  Import took 0.008297 seconds .

========================================================================
Received Import Request.
  Time since last request: 0.007014 seconds.
  path: Assets/Scripts/Paddle.cs
  artifactKey: Guid(961805224c660924482b9bf98b3411ab) Importer(815301076,1909f56bfc062723c751e8b465ee728b)
Start importing Assets/Scripts/Paddle.cs using Guid(961805224c660924482b9bf98b3411ab) Importer(815301076,1909f56bfc062723c751e8b465ee728b)  -> (artifact id: '6d51f803230bba59143a49f5feb4c9f8') in 0.004772 seconds 
  Import took 0.008368 seconds .

========================================================================
Received Import Request.
  Time since last request: 0.007056 seconds.
  path: Assets/TextMesh Pro/Fonts/Roboto-ThinItalic.ttf
  artifactKey: Guid(eca9b608da003074a8ad8612b6203033) Importer(815301076,1909f56bfc062723c751e8b465ee728b)
Start importing Assets/TextMesh Pro/Fonts/Roboto-ThinItalic.ttf using Guid(eca9b608da003074a8ad8612b6203033) Importer(815301076,1909f56bfc062723c751e8b465ee728b)  -> (artifact id: 'ea67592134a4f45fa8c8ce251bbc220a') in 0.011333 seconds 
  Import took 0.014609 seconds .

========================================================================
Received Import Request.
  Time since last request: 0.032352 seconds.
  path: Assets/TextMesh Pro/Shaders/TMP_Bitmap.shader
  artifactKey: Guid(128e987d567d4e2c824d754223b3f3b0) Importer(815301076,1909f56bfc062723c751e8b465ee728b)
Start importing Assets/TextMesh Pro/Shaders/TMP_Bitmap.shader using Guid(128e987d567d4e2c824d754223b3f3b0) Importer(815301076,1909f56bfc062723c751e8b465ee728b)  -> (artifact id: 'bf4557746324e88d20225e0d6264b37a') in 0.004869 seconds 
  Import took 0.008051 seconds .

========================================================================
Received Import Request.
  Time since last request: 0.005951 seconds.
  path: Assets/TextMesh Pro/Shaders/TMP_SDF-Mobile SSD.shader
  artifactKey: Guid(c8d12adcee749c344b8117cf7c7eb912) Importer(815301076,1909f56bfc062723c751e8b465ee728b)
Start importing Assets/TextMesh Pro/Shaders/TMP_SDF-Mobile SSD.shader using Guid(c8d12adcee749c344b8117cf7c7eb912) Importer(815301076,1909f56bfc062723c751e8b465ee728b)  -> (artifact id: '188679194bc13c873481aaa5c7d15f63') in 0.005739 seconds 
  Import took 0.009229 seconds .

========================================================================
Received Import Request.
  Time since last request: 0.005966 seconds.
  path: Assets/TextMesh Pro/Resources/LineBreaking Following Characters.txt
  artifactKey: Guid(fade42e8bc714b018fac513c043d323b) Importer(815301076,1909f56bfc062723c751e8b465ee728b)
Start importing Assets/TextMesh Pro/Resources/LineBreaking Following Characters.txt using Guid(fade42e8bc714b018fac513c043d323b) Importer(815301076,1909f56bfc062723c751e8b465ee728b)  -> (artifact id: 'c84519695b966c8ddf8d325a6adc21d0') in 0.008429 seconds 
  Import took 0.011475 seconds .

========================================================================
Received Import Request.
  Time since last request: 0.003869 seconds.
  path: Assets/TextMesh Pro/Fonts
  artifactKey: Guid(6ab70aee4d56447429c680537fbf93ed) Importer(815301076,1909f56bfc062723c751e8b465ee728b)
Start importing Assets/TextMesh Pro/Fonts using Guid(6ab70aee4d56447429c680537fbf93ed) Importer(815301076,1909f56bfc062723c751e8b465ee728b)  -> (artifact id: 'c860dfdf0522eec1202f36843e52d436') in 0.005285 seconds 
  Import took 0.008793 seconds .

========================================================================
Received Import Request.
  Time since last request: 0.006451 seconds.
  path: Assets/TextMesh Pro/Fonts/retro.ttf
  artifactKey: Guid(9f839d3c2be6a42498b93766d3be6a87) Importer(815301076,1909f56bfc062723c751e8b465ee728b)
Start importing Assets/TextMesh Pro/Fonts/retro.ttf using Guid(9f839d3c2be6a42498b93766d3be6a87) Importer(815301076,1909f56bfc062723c751e8b465ee728b)  -> (artifact id: '9f0e45ccd5cc9888799091847cd30a02') in 0.012080 seconds 
  Import took 0.015283 seconds .

========================================================================
Received Import Request.
  Time since last request: 0.003782 seconds.
  path: Assets/Scripts
  artifactKey: Guid(01122c69c47aad044b1e5d2461851738) Importer(815301076,1909f56bfc062723c751e8b465ee728b)
Start importing Assets/Scripts using Guid(01122c69c47aad044b1e5d2461851738) Importer(815301076,1909f56bfc062723c751e8b465ee728b)  -> (artifact id: '9477efcadee3a877376f11cbcd6667de') in 0.004525 seconds 
  Import took 0.007797 seconds .

========================================================================
Received Import Request.
  Time since last request: 0.006586 seconds.
  path: Assets/TextMesh Pro/Fonts/Roboto-BoldItalic.ttf
  artifactKey: Guid(8824c8066f561664eb994932c6fab031) Importer(815301076,1909f56bfc062723c751e8b465ee728b)
Start importing Assets/TextMesh Pro/Fonts/Roboto-BoldItalic.ttf using Guid(8824c8066f561664eb994932c6fab031) Importer(815301076,1909f56bfc062723c751e8b465ee728b)  -> (artifact id: '96b02db5544f82ae14461e00e5ddf5ae') in 0.012074 seconds 
  Import took 0.015690 seconds .

========================================================================
Received Import Request.
  Time since last request: 0.006293 seconds.
  path: Assets/TextMesh Pro/Sprites/EmojiOne.json
  artifactKey: Guid(8f05276190cf498a8153f6cbe761d4e6) Importer(815301076,1909f56bfc062723c751e8b465ee728b)
Start importing Assets/TextMesh Pro/Sprites/EmojiOne.json using Guid(8f05276190cf498a8153f6cbe761d4e6) Importer(815301076,1909f56bfc062723c751e8b465ee728b)  -> (artifact id: '9c491a4afbdae75051e2e9640592dc2a') in 0.008619 seconds 
  Import took 0.011761 seconds .

========================================================================
Received Import Request.
  Time since last request: 0.016162 seconds.
  path: Assets/TextMesh Pro/Resources/Fonts & Materials
  artifactKey: Guid(731f1baa9d144a9897cb1d341c2092b8) Importer(815301076,1909f56bfc062723c751e8b465ee728b)
Start importing Assets/TextMesh Pro/Resources/Fonts & Materials using Guid(731f1baa9d144a9897cb1d341c2092b8) Importer(815301076,1909f56bfc062723c751e8b465ee728b)  -> (artifact id: 'cbd6dcea75119183330fd0c84a35eed7') in 0.004708 seconds 
  Import took 0.007773 seconds .

========================================================================
Received Import Request.
  Time since last request: 0.004005 seconds.
  path: Assets/TextMesh Pro
  artifactKey: Guid(f54d1bd14bd3ca042bd867b519fee8cc) Importer(815301076,1909f56bfc062723c751e8b465ee728b)
Start importing Assets/TextMesh Pro using Guid(f54d1bd14bd3ca042bd867b519fee8cc) Importer(815301076,1909f56bfc062723c751e8b465ee728b)  -> (artifact id: '16b4cbde9565bf190136f1148817e1ea') in 0.004799 seconds 
  Import took 0.007850 seconds .

========================================================================
Received Import Request.
  Time since last request: 0.006757 seconds.
  path: Assets/TextMesh Pro/Fonts/Roboto-MediumItalic.ttf
  artifactKey: Guid(4e6013147e79dce40a2570f226db2423) Importer(815301076,1909f56bfc062723c751e8b465ee728b)
Start importing Assets/TextMesh Pro/Fonts/Roboto-MediumItalic.ttf using Guid(4e6013147e79dce40a2570f226db2423) Importer(815301076,1909f56bfc062723c751e8b465ee728b)  -> (artifact id: 'da6203cae6cca9a4d8a020e2b2e16aaa') in 0.013246 seconds 
  Import took 0.016439 seconds .

========================================================================
Received Import Request.
  Time since last request: 0.010173 seconds.
  path: Assets/Game Assets
  artifactKey: Guid(b32eb6db3db38ca4989d0327d99b6058) Importer(815301076,1909f56bfc062723c751e8b465ee728b)
Start importing Assets/Game Assets using Guid(b32eb6db3db38ca4989d0327d99b6058) Importer(815301076,1909f56bfc062723c751e8b465ee728b)  -> (artifact id: '82ae2087b1ea59a8087c804c67e8924e') in 0.004678 seconds 
  Import took 0.007935 seconds .

========================================================================
Received Import Request.
  Time since last request: 0.010793 seconds.
  path: Assets/Scripts/ScoreTextScript.cs
  artifactKey: Guid(4cbcd0f8a9f81a740bf0d096a1098038) Importer(815301076,1909f56bfc062723c751e8b465ee728b)
Start importing Assets/Scripts/ScoreTextScript.cs using Guid(4cbcd0f8a9f81a740bf0d096a1098038) Importer(815301076,1909f56bfc062723c751e8b465ee728b)  -> (artifact id: '371b43f06549c450b6ae995272cc58f2') in 0.004552 seconds 
  Import took 0.007862 seconds .

========================================================================
Received Import Request.
  Time since last request: 0.003657 seconds.
  path: Assets/Music
  artifactKey: Guid(f91031f24c8483c438e8b1594591bdd3) Importer(815301076,1909f56bfc062723c751e8b465ee728b)
Start importing Assets/Music using Guid(f91031f24c8483c438e8b1594591bdd3) Importer(815301076,1909f56bfc062723c751e8b465ee728b)  -> (artifact id: '9b50dce111cbbcf856a66429ec3d17d8') in 0.004648 seconds 
  Import took 0.007760 seconds .

========================================================================
Received Import Request.
  Time since last request: 0.006135 seconds.
  path: Assets/TextMesh Pro/Fonts/Roboto-LightItalic.ttf
  artifactKey: Guid(b60f64939c8c019469a328e83c12a57d) Importer(815301076,1909f56bfc062723c751e8b465ee728b)
Start importing Assets/TextMesh Pro/Fonts/Roboto-LightItalic.ttf using Guid(b60f64939c8c019469a328e83c12a57d) Importer(815301076,1909f56bfc062723c751e8b465ee728b)  -> (artifact id: '8fd46a46db493a73628f0fa7fd7b4236') in 0.013021 seconds 
  Import took 0.016427 seconds .

========================================================================
Received Import Request.
  Time since last request: 0.013503 seconds.
  path: Assets/Scripts/FinalScoreText.cs
  artifactKey: Guid(86c7db86931001240b8e77e0183a0fc0) Importer(815301076,1909f56bfc062723c751e8b465ee728b)
Start importing Assets/Scripts/FinalScoreText.cs using Guid(86c7db86931001240b8e77e0183a0fc0) Importer(815301076,1909f56bfc062723c751e8b465ee728b)  -> (artifact id: '3cecb050b08facde0331259bfa7c83b3') in 0.004892 seconds 
  Import took 0.008527 seconds .

========================================================================
Received Import Request.
  Time since last request: 0.006455 seconds.
  path: Assets/TextMesh Pro/Shaders/TMP_Bitmap-Custom-Atlas.shader
  artifactKey: Guid(48bb5f55d8670e349b6e614913f9d910) Importer(815301076,1909f56bfc062723c751e8b465ee728b)
Start importing Assets/TextMesh Pro/Shaders/TMP_Bitmap-Custom-Atlas.shader using Guid(48bb5f55d8670e349b6e614913f9d910) Importer(815301076,1909f56bfc062723c751e8b465ee728b)  -> (artifact id: '9e12da988b3dd4a339ef4b97fef8df05') in 0.005026 seconds 
  Import took 0.007965 seconds .

========================================================================
Received Import Request.
  Time since last request: 0.011400 seconds.
  path: Assets/TextMesh Pro/Shaders/TMP_SDF-Surface-Mobile.shader
  artifactKey: Guid(85187c2149c549c5b33f0cdb02836b17) Importer(815301076,1909f56bfc062723c751e8b465ee728b)
Start importing Assets/TextMesh Pro/Shaders/TMP_SDF-Surface-Mobile.shader using Guid(85187c2149c549c5b33f0cdb02836b17) Importer(815301076,1909f56bfc062723c751e8b465ee728b)  -> (artifact id: '42f3980c19bbe9adad07983a0a6c2a6f') in 0.004824 seconds 
  Import took 0.007856 seconds .

========================================================================
Received Import Request.
  Time since last request: 0.005570 seconds.
  path: Assets/TextMesh Pro/Shaders/TMPro_Properties.cginc
  artifactKey: Guid(3997e2241185407d80309a82f9148466) Importer(815301076,1909f56bfc062723c751e8b465ee728b)
Start importing Assets/TextMesh Pro/Shaders/TMPro_Properties.cginc using Guid(3997e2241185407d80309a82f9148466) Importer(815301076,1909f56bfc062723c751e8b465ee728b)  -> (artifact id: '25b87a6c906e2ff6005352074e70dba6') in 0.004982 seconds 
  Import took 0.008166 seconds .

========================================================================
Received Import Request.
  Time since last request: 0.006454 seconds.
  path: Assets/TextMesh Pro/Resources/Fonts & Materials/LiberationSans SDF.asset
  artifactKey: Guid(8f586378b4e144a9851e7b34d9b748ee) Importer(815301076,1909f56bfc062723c751e8b465ee728b)
Start importing Assets/TextMesh Pro/Resources/Fonts & Materials/LiberationSans SDF.asset using Guid(8f586378b4e144a9851e7b34d9b748ee) Importer(815301076,1909f56bfc062723c751e8b465ee728b)  -> (artifact id: '1690265fa622529d0eed9408dd5cd386') in 0.046116 seconds 
  Import took 0.049242 seconds .

========================================================================
Received Import Request.
  Time since last request: 0.011016 seconds.
  path: Assets/TextMesh Pro/Resources/Style Sheets/Default Style Sheet.asset
  artifactKey: Guid(f952c082cb03451daed3ee968ac6c63e) Importer(815301076,1909f56bfc062723c751e8b465ee728b)
Start importing Assets/TextMesh Pro/Resources/Style Sheets/Default Style Sheet.asset using Guid(f952c082cb03451daed3ee968ac6c63e) Importer(815301076,1909f56bfc062723c751e8b465ee728b)  -> (artifact id: '99846f5a5cef2b9fb3476a6a84d35918') in 0.006038 seconds 
  Import took 0.009025 seconds .

========================================================================
Received Import Request.
  Time since last request: 0.006837 seconds.
  path: Assets/TextMesh Pro/Fonts/Roboto-Thin.ttf
  artifactKey: Guid(7a76f20912a91f84bb5c77da7c552200) Importer(815301076,1909f56bfc062723c751e8b465ee728b)
Start importing Assets/TextMesh Pro/Fonts/Roboto-Thin.ttf using Guid(7a76f20912a91f84bb5c77da7c552200) Importer(815301076,1909f56bfc062723c751e8b465ee728b)  -> (artifact id: '8b17326fbb5bdf2ada312cfdcf028049') in 0.012839 seconds 
  Import took 0.015914 seconds .

========================================================================
Received Import Request.
  Time since last request: 0.017974 seconds.
  path: Assets/Scripts/BAll.cs
  artifactKey: Guid(648b8974117132941a13f6698bd4be6d) Importer(815301076,1909f56bfc062723c751e8b465ee728b)
Start importing Assets/Scripts/BAll.cs using Guid(648b8974117132941a13f6698bd4be6d) Importer(815301076,1909f56bfc062723c751e8b465ee728b)  -> (artifact id: '87548fb28983cf712e8ded1a4226888a') in 0.004933 seconds 
  Import took 0.008077 seconds .

========================================================================
Received Import Request.
  Time since last request: 0.015620 seconds.
  path: Assets/TextMesh Pro/Documentation
  artifactKey: Guid(8e7e8f5a82a3a134e91c54efd2274ea9) Importer(815301076,1909f56bfc062723c751e8b465ee728b)
Start importing Assets/TextMesh Pro/Documentation using Guid(8e7e8f5a82a3a134e91c54efd2274ea9) Importer(815301076,1909f56bfc062723c751e8b465ee728b)  -> (artifact id: '7f5aa99e36510f23d626084d8be9669f') in 0.005327 seconds 
  Import took 0.008589 seconds .

========================================================================
Received Import Request.
  Time since last request: 0.006545 seconds.
  path: Assets/TextMesh Pro/Shaders/TMPro.cginc
  artifactKey: Guid(407bc68d299748449bbf7f48ee690f8d) Importer(815301076,1909f56bfc062723c751e8b465ee728b)
Start importing Assets/TextMesh Pro/Shaders/TMPro.cginc using Guid(407bc68d299748449bbf7f48ee690f8d) Importer(815301076,1909f56bfc062723c751e8b465ee728b)  -> (artifact id: 'a7b84941a55f9012bae7f955040ccce9') in 0.005648 seconds 
  Import took 0.009274 seconds .

========================================================================
Received Import Request.
  Time since last request: 0.009538 seconds.
  path: Assets/TextMesh Pro/Fonts/LiberationSans - OFL.txt
  artifactKey: Guid(6e59c59b81ab47f9b6ec5781fa725d2c) Importer(815301076,1909f56bfc062723c751e8b465ee728b)
Start importing Assets/TextMesh Pro/Fonts/LiberationSans - OFL.txt using Guid(6e59c59b81ab47f9b6ec5781fa725d2c) Importer(815301076,1909f56bfc062723c751e8b465ee728b)  -> (artifact id: 'd8ed59a48b952935c94a9302b2b79e3d') in 0.005193 seconds 
  Import took 0.008319 seconds .

========================================================================
Received Import Request.
  Time since last request: 0.005642 seconds.
  path: Assets/Scripts/CollisionBlock.cs
  artifactKey: Guid(3ee5efd2c7e404e46b85115d3f60921e) Importer(815301076,1909f56bfc062723c751e8b465ee728b)
Start importing Assets/Scripts/CollisionBlock.cs using Guid(3ee5efd2c7e404e46b85115d3f60921e) Importer(815301076,1909f56bfc062723c751e8b465ee728b)  -> (artifact id: 'fab6eb043a3e7f24f9ed63a173eab502') in 0.004576 seconds 
  Import took 0.007329 seconds .

========================================================================
Received Import Request.
  Time since last request: 0.003817 seconds.
  path: Assets/Perfabs
  artifactKey: Guid(259b20f084abebe43a5e29c262e984ef) Importer(815301076,1909f56bfc062723c751e8b465ee728b)
Start importing Assets/Perfabs using Guid(259b20f084abebe43a5e29c262e984ef) Importer(815301076,1909f56bfc062723c751e8b465ee728b)  -> (artifact id: '9af33e8fdaf77e78456bc3112d550710') in 0.004938 seconds 
  Import took 0.007871 seconds .

========================================================================
Received Import Request.
  Time since last request: 0.005720 seconds.
  path: Assets/TextMesh Pro/Resources/Sprite Assets/EmojiOne.asset
  artifactKey: Guid(c41005c129ba4d66911b75229fd70b45) Importer(815301076,1909f56bfc062723c751e8b465ee728b)
Start importing Assets/TextMesh Pro/Resources/Sprite Assets/EmojiOne.asset using Guid(c41005c129ba4d66911b75229fd70b45) Importer(815301076,1909f56bfc062723c751e8b465ee728b)  -> (artifact id: '093a2cdfc4701742cd4e2e9653a3929b') in 0.006526 seconds 
  Import took 0.009916 seconds .

========================================================================
Received Import Request.
  Time since last request: 0.005694 seconds.
  path: Assets/TextMesh Pro/Shaders/TMP_SDF-Mobile Masking.shader
  artifactKey: Guid(bc1ede39bf3643ee8e493720e4259791) Importer(815301076,1909f56bfc062723c751e8b465ee728b)
Start importing Assets/TextMesh Pro/Shaders/TMP_SDF-Mobile Masking.shader using Guid(bc1ede39bf3643ee8e493720e4259791) Importer(815301076,1909f56bfc062723c751e8b465ee728b)  -> (artifact id: 'c3d4f0177a90d2144d63325c1f81fa56') in 0.004962 seconds 
  Import took 0.008032 seconds .

========================================================================
Received Import Request.
  Time since last request: 0.006190 seconds.
  path: Assets/Scenes/level 01Settings.lighting
  artifactKey: Guid(59d9be1bb35e0a542887e5203904d7c2) Importer(815301076,1909f56bfc062723c751e8b465ee728b)
Start importing Assets/Scenes/level 01Settings.lighting using Guid(59d9be1bb35e0a542887e5203904d7c2) Importer(815301076,1909f56bfc062723c751e8b465ee728b)  -> (artifact id: '4c432087f8f47a9d679542c4abed3076') in 0.007463 seconds 
  Import took 0.010862 seconds .

========================================================================
Received Import Request.
  Time since last request: 0.004498 seconds.
  path: Assets/TextMesh Pro/Resources/Style Sheets
  artifactKey: Guid(4aecb92fff08436c8303b10eab8da368) Importer(815301076,1909f56bfc062723c751e8b465ee728b)
Start importing Assets/TextMesh Pro/Resources/Style Sheets using Guid(4aecb92fff08436c8303b10eab8da368) Importer(815301076,1909f56bfc062723c751e8b465ee728b)  -> (artifact id: '8eb160d1f2f0150837d5eca199ae2098') in 0.005786 seconds 
  Import took 0.009756 seconds .

========================================================================
Received Import Request.
  Time since last request: 0.006473 seconds.
  path: Assets/TextMesh Pro/Shaders/TMP_Sprite.shader
  artifactKey: Guid(cf81c85f95fe47e1a27f6ae460cf182c) Importer(815301076,1909f56bfc062723c751e8b465ee728b)
Start importing Assets/TextMesh Pro/Shaders/TMP_Sprite.shader using Guid(cf81c85f95fe47e1a27f6ae460cf182c) Importer(815301076,1909f56bfc062723c751e8b465ee728b)  -> (artifact id: 'b7e22d2e4f4ae1fd1f2d822a647ec718') in 0.005740 seconds 
  Import took 0.009172 seconds .

========================================================================
Received Import Request.
  Time since last request: 0.013272 seconds.
  path: Assets/TextMesh Pro/Shaders/TMPro_Mobile.cginc
  artifactKey: Guid(c334973cef89a9840b0b0c507e0377ab) Importer(815301076,1909f56bfc062723c751e8b465ee728b)
Start importing Assets/TextMesh Pro/Shaders/TMPro_Mobile.cginc using Guid(c334973cef89a9840b0b0c507e0377ab) Importer(815301076,1909f56bfc062723c751e8b465ee728b)  -> (artifact id: '858a7b7b43960fe146a89d5439ebbdfb') in 0.006053 seconds 
  Import took 0.009102 seconds .

========================================================================
Received Import Request.
  Time since last request: 0.006813 seconds.
  path: Assets/TextMesh Pro/Sprites/EmojiOne Attribution.txt
  artifactKey: Guid(381dcb09d5029d14897e55f98031fca5) Importer(815301076,1909f56bfc062723c751e8b465ee728b)
Start importing Assets/TextMesh Pro/Sprites/EmojiOne Attribution.txt using Guid(381dcb09d5029d14897e55f98031fca5) Importer(815301076,1909f56bfc062723c751e8b465ee728b)  -> (artifact id: 'a93e932dc712dec422b2d5903b71fff9') in 0.005695 seconds 
  Import took 0.009239 seconds .

========================================================================
Received Import Request.
  Time since last request: 0.006366 seconds.
  path: Assets/TextMesh Pro/Resources/Fonts & Materials/LiberationSans SDF - Fallback.asset
  artifactKey: Guid(2e498d1c8094910479dc3e1b768306a4) Importer(815301076,1909f56bfc062723c751e8b465ee728b)
Start importing Assets/TextMesh Pro/Resources/Fonts & Materials/LiberationSans SDF - Fallback.asset using Guid(2e498d1c8094910479dc3e1b768306a4) Importer(815301076,1909f56bfc062723c751e8b465ee728b)  -> (artifact id: '824048c16fe023a8029ad6b289255227') in 0.016095 seconds 
  Import took 0.019442 seconds .

========================================================================
Received Import Request.
  Time since last request: 0.015056 seconds.
  path: Assets/TextMesh Pro/Fonts/Roboto-Regular.ttf
  artifactKey: Guid(c20bde480bce1454ca5a59b296d7dbee) Importer(815301076,1909f56bfc062723c751e8b465ee728b)
Start importing Assets/TextMesh Pro/Fonts/Roboto-Regular.ttf using Guid(c20bde480bce1454ca5a59b296d7dbee) Importer(815301076,1909f56bfc062723c751e8b465ee728b)  -> (artifact id: 'e8b3df66c79b7471e4a536f03dcec213') in 0.015024 seconds 
  Import took 0.018182 seconds .

========================================================================
Received Import Request.
  Time since last request: 0.006409 seconds.
  path: Assets/Scenes/Win ScreenSettings.lighting
  artifactKey: Guid(5c73bc0748d5e8247ab18cc253825574) Importer(815301076,1909f56bfc062723c751e8b465ee728b)
Start importing Assets/Scenes/Win ScreenSettings.lighting using Guid(5c73bc0748d5e8247ab18cc253825574) Importer(815301076,1909f56bfc062723c751e8b465ee728b)  -> (artifact id: '00248bd9c264054290b739b41a5d3154') in 0.005906 seconds 
  Import took 0.009279 seconds .

========================================================================
Received Import Request.
  Time since last request: 0.013187 seconds.
  path: Assets/TextMesh Pro/Fonts/Roboto-Black.ttf
  artifactKey: Guid(dfcf0ddf97fbe92499e4a5a8770ac770) Importer(815301076,1909f56bfc062723c751e8b465ee728b)
Start importing Assets/TextMesh Pro/Fonts/Roboto-Black.ttf using Guid(dfcf0ddf97fbe92499e4a5a8770ac770) Importer(815301076,1909f56bfc062723c751e8b465ee728b)  -> (artifact id: 'a9590ada07216e4c4a80cf81fb0acc83') in 0.014233 seconds 
  Import took 0.017726 seconds .

========================================================================
Received Import Request.
  Time since last request: 0.012609 seconds.
  path: Assets/Scripts/LoseCollider.cs
  artifactKey: Guid(329bfd449c3756442b1512b201a49c3e) Importer(815301076,1909f56bfc062723c751e8b465ee728b)
Start importing Assets/Scripts/LoseCollider.cs using Guid(329bfd449c3756442b1512b201a49c3e) Importer(815301076,1909f56bfc062723c751e8b465ee728b)  -> (artifact id: '0e4c9e6538e518039cade6b193e912ec') in 0.005231 seconds 
  Import took 0.008946 seconds .

========================================================================
Received Import Request.
  Time since last request: 0.006513 seconds.
  path: Assets/TextMesh Pro/Resources/Fonts & Materials/LiberationSans SDF - Outline.mat
  artifactKey: Guid(79459efec17a4d00a321bdcc27bbc385) Importer(815301076,1909f56bfc062723c751e8b465ee728b)
Start importing Assets/TextMesh Pro/Resources/Fonts & Materials/LiberationSans SDF - Outline.mat using Guid(79459efec17a4d00a321bdcc27bbc385) Importer(815301076,1909f56bfc062723c751e8b465ee728b)  -> (artifact id: '289988fcecf3b00d1602f8d2b589f7dd') in 0.029532 seconds 
  Import took 0.032973 seconds .

========================================================================
Received Import Request.
  Time since last request: 0.006816 seconds.
  path: Assets/TextMesh Pro/Shaders/TMP_SDF-Surface.shader
  artifactKey: Guid(f7ada0af4f174f0694ca6a487b8f543d) Importer(815301076,1909f56bfc062723c751e8b465ee728b)
Start importing Assets/TextMesh Pro/Shaders/TMP_SDF-Surface.shader using Guid(f7ada0af4f174f0694ca6a487b8f543d) Importer(815301076,1909f56bfc062723c751e8b465ee728b)  -> (artifact id: 'c133c0ae7265184166c50c3f9e1644fc') in 0.005405 seconds 
  Import took 0.008491 seconds .

========================================================================
Received Import Request.
  Time since last request: 0.004029 seconds.
  path: Assets/TextMesh Pro/Resources/Sprite Assets
  artifactKey: Guid(512a49d95c0c4332bdd98131869c23c9) Importer(815301076,1909f56bfc062723c751e8b465ee728b)
Start importing Assets/TextMesh Pro/Resources/Sprite Assets using Guid(512a49d95c0c4332bdd98131869c23c9) Importer(815301076,1909f56bfc062723c751e8b465ee728b)  -> (artifact id: 'b31814b8e9a6a2d42a48cf87797f0e5e') in 0.005053 seconds 
  Import took 0.008370 seconds .

========================================================================
Received Import Request.
  Time since last request: 0.004084 seconds.
  path: Assets/Materials
  artifactKey: Guid(685b5afbb92cb8f4f9fb07de1afbb63b) Importer(815301076,1909f56bfc062723c751e8b465ee728b)
Start importing Assets/Materials using Guid(685b5afbb92cb8f4f9fb07de1afbb63b) Importer(815301076,1909f56bfc062723c751e8b465ee728b)  -> (artifact id: 'f84a14fb25eed16800d7a1e04a274efc') in 0.005123 seconds 
  Import took 0.008835 seconds .

========================================================================
Received Import Request.
  Time since last request: 0.013605 seconds.
  path: Assets/Scripts/Gamestatus.cs
  artifactKey: Guid(41f2e9355fd2b5246a6445ff4a2af0c6) Importer(815301076,1909f56bfc062723c751e8b465ee728b)
Start importing Assets/Scripts/Gamestatus.cs using Guid(41f2e9355fd2b5246a6445ff4a2af0c6) Importer(815301076,1909f56bfc062723c751e8b465ee728b)  -> (artifact id: 'a164be994caa6ac3fefd06153b29203d') in 0.005060 seconds 
  Import took 0.008585 seconds .

========================================================================
Received Import Request.
  Time since last request: 0.013622 seconds.
  path: Assets/TextMesh Pro/Fonts/Roboto-Italic.ttf
  artifactKey: Guid(08c66d3206d0fb64ba5bc835ee53abd8) Importer(815301076,1909f56bfc062723c751e8b465ee728b)
Start importing Assets/TextMesh Pro/Fonts/Roboto-Italic.ttf using Guid(08c66d3206d0fb64ba5bc835ee53abd8) Importer(815301076,1909f56bfc062723c751e8b465ee728b)  -> (artifact id: 'aff1e8a5613e10dca845fef52dfe0d59') in 0.014633 seconds 
  Import took 0.018113 seconds .

========================================================================
Received Import Request.
  Time since last request: 0.007212 seconds.
  path: Assets/TextMesh Pro/Fonts/Roboto-ThinItalic SDF.asset
  artifactKey: Guid(6703c86127125144f98eb4c5d00cada4) Importer(815301076,1909f56bfc062723c751e8b465ee728b)
Start importing Assets/TextMesh Pro/Fonts/Roboto-ThinItalic SDF.asset using Guid(6703c86127125144f98eb4c5d00cada4) Importer(815301076,1909f56bfc062723c751e8b465ee728b)  -> (artifact id: '5e2c1962ec80f4e66da0510684fe4753') in 0.022075 seconds 
  Import took 0.025317 seconds .

========================================================================
Received Import Request.
  Time since last request: 0.020349 seconds.
  path: Assets/TextMesh Pro/Shaders/TMP_SDF Overlay.shader
  artifactKey: Guid(dd89cf5b9246416f84610a006f916af7) Importer(815301076,1909f56bfc062723c751e8b465ee728b)
Start importing Assets/TextMesh Pro/Shaders/TMP_SDF Overlay.shader using Guid(dd89cf5b9246416f84610a006f916af7) Importer(815301076,1909f56bfc062723c751e8b465ee728b)  -> (artifact id: '3a6f7cfde66e201596fbfa81356d5929') in 0.005844 seconds 
  Import took 0.009045 seconds .

========================================================================
Received Import Request.
  Time since last request: 0.007236 seconds.
  path: Assets/TextMesh Pro/Sprites/EmojiOne.png
  artifactKey: Guid(dffef66376be4fa480fb02b19edbe903) Importer(815301076,1909f56bfc062723c751e8b465ee728b)
Start importing Assets/TextMesh Pro/Sprites/EmojiOne.png using Guid(dffef66376be4fa480fb02b19edbe903) Importer(815301076,1909f56bfc062723c751e8b465ee728b)  -> (artifact id: 'd78a27303d38c5bc73b55289faa0930d') in 0.035483 seconds 
  Import took 0.038870 seconds .

========================================================================
Received Import Request.
  Time since last request: 0.029720 seconds.
  path: Assets/TextMesh Pro/Fonts/Roboto-Bold.ttf
  artifactKey: Guid(5812575f03aade049bff985d454d43b6) Importer(815301076,1909f56bfc062723c751e8b465ee728b)
Start importing Assets/TextMesh Pro/Fonts/Roboto-Bold.ttf using Guid(5812575f03aade049bff985d454d43b6) Importer(815301076,1909f56bfc062723c751e8b465ee728b)  -> (artifact id: '9fff9f7984c20929867c4b0c2e89c655') in 0.014710 seconds 
  Import took 0.017933 seconds .

========================================================================
Received Import Request.
  Time since last request: 0.014077 seconds.
  path: Assets/TextMesh Pro/Fonts/Roboto-BlackItalic.ttf
  artifactKey: Guid(eba1d8b6500eefe4baea161a825f2c30) Importer(815301076,1909f56bfc062723c751e8b465ee728b)
Start importing Assets/TextMesh Pro/Fonts/Roboto-BlackItalic.ttf using Guid(eba1d8b6500eefe4baea161a825f2c30) Importer(815301076,1909f56bfc062723c751e8b465ee728b)  -> (artifact id: '823b157ed95cbbea988360350c052f03') in 0.014509 seconds 
  Import took 0.017727 seconds .

========================================================================
Received Import Request.
  Time since last request: 0.011338 seconds.
  path: Assets/TextMesh Pro/Resources/TMP Settings.asset
  artifactKey: Guid(3f5b5dff67a942289a9defa416b206f3) Importer(815301076,1909f56bfc062723c751e8b465ee728b)
Start importing Assets/TextMesh Pro/Resources/TMP Settings.asset using Guid(3f5b5dff67a942289a9defa416b206f3) Importer(815301076,1909f56bfc062723c751e8b465ee728b)  -> (artifact id: '80217e6c75f9d2e4957cbc8093faaf48') in 0.025657 seconds 
  Import took 0.028875 seconds .

========================================================================
Received Import Request.
  Time since last request: 0.004308 seconds.
  path: Assets/TextMesh Pro/Sprites
  artifactKey: Guid(d0603b6d5186471b96c778c3949c7ce2) Importer(815301076,1909f56bfc062723c751e8b465ee728b)
Start importing Assets/TextMesh Pro/Sprites using Guid(d0603b6d5186471b96c778c3949c7ce2) Importer(815301076,1909f56bfc062723c751e8b465ee728b)  -> (artifact id: 'c825b4ecabc52a724fdd8944d5209777') in 0.005039 seconds 
  Import took 0.008447 seconds .

========================================================================
Received Import Request.
  Time since last request: 0.012570 seconds.
  path: Assets/Scripts/Level.cs
  artifactKey: Guid(acd4c0bf62b41d94293fbf4dbd3228b2) Importer(815301076,1909f56bfc062723c751e8b465ee728b)
Start importing Assets/Scripts/Level.cs using Guid(acd4c0bf62b41d94293fbf4dbd3228b2) Importer(815301076,1909f56bfc062723c751e8b465ee728b)  -> (artifact id: 'f850fc5523e0ea572053c0fe60e7bff1') in 0.004504 seconds 
  Import took 0.007440 seconds .

========================================================================
Received Import Request.
  Time since last request: 0.018620 seconds.
  path: Assets/TextMesh Pro/Fonts/Roboto-Medium.ttf
  artifactKey: Guid(ef0e81f5e8b91454faa4c67d67b54bac) Importer(815301076,1909f56bfc062723c751e8b465ee728b)
Start importing Assets/TextMesh Pro/Fonts/Roboto-Medium.ttf using Guid(ef0e81f5e8b91454faa4c67d67b54bac) Importer(815301076,1909f56bfc062723c751e8b465ee728b)  -> (artifact id: '94f49a75c77aaf944891bd2a3ee5a790') in 0.014254 seconds 
  Import took 0.017346 seconds .

========================================================================
Received Import Request.
  Time since last request: 0.007229 seconds.
  path: Assets/TextMesh Pro/Documentation/TextMesh Pro User Guide 2016.pdf
  artifactKey: Guid(1b8d251f9af63b746bf2f7ffe00ebb9b) Importer(815301076,1909f56bfc062723c751e8b465ee728b)
Start importing Assets/TextMesh Pro/Documentation/TextMesh Pro User Guide 2016.pdf using Guid(1b8d251f9af63b746bf2f7ffe00ebb9b) Importer(815301076,1909f56bfc062723c751e8b465ee728b)  -> (artifact id: '68a8cd0d128e2de1afc31d38fd538062') in 0.008539 seconds 
  Import took 0.011721 seconds .

========================================================================
Received Import Request.
  Time since last request: 0.013080 seconds.
  path: Assets/TextMesh Pro/Shaders/TMP_Bitmap-Mobile.shader
  artifactKey: Guid(1e3b057af24249748ff873be7fafee47) Importer(815301076,1909f56bfc062723c751e8b465ee728b)
Start importing Assets/TextMesh Pro/Shaders/TMP_Bitmap-Mobile.shader using Guid(1e3b057af24249748ff873be7fafee47) Importer(815301076,1909f56bfc062723c751e8b465ee728b)  -> (artifact id: '781de919be87db38eb51354aa8fb7892') in 0.005452 seconds 
  Import took 0.009025 seconds .

========================================================================
Received Import Request.
  Time since last request: 0.006865 seconds.
  path: Assets/TextMesh Pro/Shaders/TMP_SDF-Mobile Overlay.shader
  artifactKey: Guid(a02a7d8c237544f1962732b55a9aebf1) Importer(815301076,1909f56bfc062723c751e8b465ee728b)
Start importing Assets/TextMesh Pro/Shaders/TMP_SDF-Mobile Overlay.shader using Guid(a02a7d8c237544f1962732b55a9aebf1) Importer(815301076,1909f56bfc062723c751e8b465ee728b)  -> (artifact id: '4fbc4b7a4c1ddec181f6aaef4b6ae772') in 0.005165 seconds 
  Import took 0.008191 seconds .

========================================================================
Received Import Request.
  Time since last request: 0.003694 seconds.
  path: Assets/TextMesh Pro/Resources
  artifactKey: Guid(243e06394e614e5d99fab26083b707fa) Importer(815301076,1909f56bfc062723c751e8b465ee728b)
Start importing Assets/TextMesh Pro/Resources using Guid(243e06394e614e5d99fab26083b707fa) Importer(815301076,1909f56bfc062723c751e8b465ee728b)  -> (artifact id: '0df7051f5b12f3f69d646d60f9166c36') in 0.004703 seconds 
  Import took 0.007670 seconds .

========================================================================
Received Import Request.
  Time since last request: 0.013012 seconds.
  path: Assets/TextMesh Pro/Resources/LineBreaking Leading Characters.txt
  artifactKey: Guid(d82c1b31c7e74239bff1220585707d2b) Importer(815301076,1909f56bfc062723c751e8b465ee728b)
Start importing Assets/TextMesh Pro/Resources/LineBreaking Leading Characters.txt using Guid(d82c1b31c7e74239bff1220585707d2b) Importer(815301076,1909f56bfc062723c751e8b465ee728b)  -> (artifact id: '55ff7fcf1dc11b21acfd2150599fb6bf') in 0.005309 seconds 
  Import took 0.008311 seconds .

========================================================================
Received Import Request.
  Time since last request: 0.008117 seconds.
  path: Assets/TextMesh Pro/Fonts/LiberationSans.ttf
  artifactKey: Guid(e3265ab4bf004d28a9537516768c1c75) Importer(815301076,1909f56bfc062723c751e8b465ee728b)
Start importing Assets/TextMesh Pro/Fonts/LiberationSans.ttf using Guid(e3265ab4bf004d28a9537516768c1c75) Importer(815301076,1909f56bfc062723c751e8b465ee728b)  -> (artifact id: 'bdddd331c3f1b7826858a8d92db67e39') in 0.013659 seconds 
  Import took 0.016853 seconds .

